Flutter crash report.
Please report a bug at https://github.com/flutter/flutter/issues.

## command

flutter run

## exception

PathAccessException: PathAccessException: Cannot delete file, path = '/Users/rohit/Documents/Dihaadi_user_flutter-v11.7.2/ios/Pods/Manifest.lock' (OS Error: Permission denied, errno = 13)

```
#0      _File.throwIfError (dart:io/file_impl.dart:675:7)
#1      _File._deleteSync (dart:io/file_impl.dart:329:5)
#2      FileSystemEntity.deleteSync (dart:io/file_system_entity.dart:407:7)
#3      ForwardingFileSystemEntity.deleteSync (package:file/src/forwarding/forwarding_file_system_entity.dart:70:16)
#4      ForwardingFileSystemEntity.deleteSync (package:file/src/forwarding/forwarding_file_system_entity.dart:70:16)
#5      ErrorHandlingFileSystem.deleteIfExists (package:flutter_tools/src/base/error_handling_io.dart:84:14)
#6      CocoaPods.invalidatePodInstallOutput (package:flutter_tools/src/macos/cocoapods.dart:332:29)
#7      refreshPluginsList (package:flutter_tools/src/flutter_plugins.dart:1024:26)
<asynchronous suspension>
#8      FlutterProject.ensureReadyForPlatformSpecificTooling (package:flutter_tools/src/project.dart:379:5)
<asynchronous suspension>
#9      FlutterCommand.verifyThenRunCommand (package:flutter_tools/src/runner/flutter_command.dart:1750:7)
<asynchronous suspension>
#10     FlutterCommand.run.<anonymous closure> (package:flutter_tools/src/runner/flutter_command.dart:1408:27)
<asynchronous suspension>
#11     AppContext.run.<anonymous closure> (package:flutter_tools/src/base/context.dart:153:19)
<asynchronous suspension>
#12     CommandRunner.runCommand (package:args/command_runner.dart:212:13)
<asynchronous suspension>
#13     FlutterCommandRunner.runCommand.<anonymous closure> (package:flutter_tools/src/runner/flutter_command_runner.dart:420:9)
<asynchronous suspension>
#14     AppContext.run.<anonymous closure> (package:flutter_tools/src/base/context.dart:153:19)
<asynchronous suspension>
#15     FlutterCommandRunner.runCommand (package:flutter_tools/src/runner/flutter_command_runner.dart:364:5)
<asynchronous suspension>
#16     run.<anonymous closure>.<anonymous closure> (package:flutter_tools/runner.dart:130:9)
<asynchronous suspension>
#17     AppContext.run.<anonymous closure> (package:flutter_tools/src/base/context.dart:153:19)
<asynchronous suspension>
#18     main (package:flutter_tools/executable.dart:93:3)
<asynchronous suspension>
```

## flutter doctor

```
[32m[✓][39m Flutter (Channel stable, 3.24.3, on macOS 14.4.1 23E224 darwin-arm64, locale en-IN)
    [32m•[39m Flutter version 3.24.3 on channel stable at /Users/rohit/developer/flutter2
    [32m•[39m Upstream repository https://github.com/flutter/flutter.git
    [32m•[39m Framework revision 2663184aa7 (2 weeks ago), 2024-09-11 16:27:48 -0500
    [32m•[39m Engine revision 36335019a8
    [32m•[39m Dart version 3.5.3
    [32m•[39m DevTools version 2.37.3

[31m[✗][39m Android toolchain - develop for Android devices
    [32m•[39m Android SDK at /opt/homebrew/Caskroom/android-platform-tools/33.0.3
    [31m✗[39m cmdline-tools component is missing
      Run `path/to/sdkmanager --install "cmdline-tools;latest"`
      See https://developer.android.com/studio/command-line for more details.

[32m[✓][39m Xcode - develop for iOS and macOS (Xcode 15.4)
    [32m•[39m Xcode at /Applications/Xcode.app/Contents/Developer
    [32m•[39m Build 15F31d
    [32m•[39m CocoaPods version 1.15.2

[31m[✗][39m Chrome - develop for the web (Cannot find Chrome executable at /Applications/Google Chrome.app/Contents/MacOS/Google Chrome)
    [33m![39m Cannot find Chrome. Try setting CHROME_EXECUTABLE to a Chrome executable.

[32m[✓][39m Android Studio (version 2024.1)
    [32m•[39m Android Studio at /Applications/Android Studio.app/Contents
    [32m•[39m Flutter plugin can be installed from:
      🔨 https://plugins.jetbrains.com/plugin/9212-flutter
    [32m•[39m Dart plugin can be installed from:
      🔨 https://plugins.jetbrains.com/plugin/6351-dart
    [32m•[39m Java version OpenJDK Runtime Environment (build 17.0.11+0-17.0.11b1207.24-11852314)

[32m[✓][39m VS Code (version 1.93.1)
    [32m•[39m VS Code at /Users/rohit/Projects/Visual Studio Code.app/Contents
    [32m•[39m Flutter extension version 3.96.0

[32m[✓][39m Connected device (4 available)
    [32m•[39m Rohit’s iPhone (mobile)         • 00008030-000A19900233C02E            • ios          • iOS 18.0 22A3354
    [32m•[39m iPhone 15 Pro Max (mobile)      • 40E8CA72-41F1-4F33-A6F2-4213CEF71F42 • ios          • com.apple.CoreSimulator.SimRuntime.iOS-17-5 (simulator)
    [32m•[39m macOS (desktop)                 • macos                                • darwin-arm64 • macOS 14.4.1 23E224 darwin-arm64
    [32m•[39m Mac Designed for iPad (desktop) • mac-designed-for-ipad                • darwin       • macOS 14.4.1 23E224 darwin-arm64

[33m[!][39m Network resources
    [31m✗[39m A network error occurred while checking "https://pub.dev/": Write failed

[33m![39m Doctor found issues in 3 categories.
```
